<?xml version="1.0" encoding="UTF-8"?>
<!-- Generated by org.testng.reporters.JUnitReportReporter -->
<testsuite skipped="0" hostname="LAPTOP-6P4CQ5M9" name="com.qa.tests.GetAPITest" tests="2" failures="0" timestamp="30 Oct 2018 21:46:43 GMT" time="1.456" errors="0">
  <testcase name="getAPITestWithoutHeaders" time="1.199" classname="com.qa.tests.GetAPITest"/>
  <testcase name="getAPITestWithHeaders" time="0.257" classname="com.qa.tests.GetAPITest"/>
</testsuite> <!-- com.qa.tests.GetAPITest -->
