<?xml version="1.0" encoding="UTF-8"?>
<!-- Generated by org.testng.reporters.JUnitReportReporter -->
<testsuite skipped="0" hostname="LAPTOP-6P4CQ5M9" name="com.qa.restassured.GetData" tests="3" failures="0" timestamp="01 Nov 2018 02:30:07 GMT" time="5.005" errors="0">
  <testcase name="testResponseCode" time="2.860" classname="com.qa.restassured.GetData"/>
  <testcase name="testBody" time="1.292" classname="com.qa.restassured.GetData"/>
  <testcase name="testBodyText" time="0.853" classname="com.qa.restassured.GetData"/>
</testsuite> <!-- com.qa.restassured.GetData -->
