<?xml version="1.0" encoding="UTF-8"?>
<!-- Generated by org.testng.reporters.JUnitReportReporter -->
<testsuite skipped="0" hostname="LAPTOP-6P4CQ5M9" name="com.qa.tests.PostAPITest" tests="1" failures="0" timestamp="30 Oct 2018 23:59:37 GMT" time="1.225" errors="0">
  <testcase name="postAPITest" time="1.225" classname="com.qa.tests.PostAPITest"/>
</testsuite> <!-- com.qa.tests.PostAPITest -->
